<?xml version="1.0" encoding="UTF-8"?>
<testsuite xmlns:xsi="http://www.w3.org/2001/XMLSchema-instance" xsi:noNamespaceSchemaLocation="https://maven.apache.org/surefire/maven-surefire-plugin/xsd/surefire-test-report-3.0.xsd" version="3.0" name="io.cucumber.converty.RunCucumberTest" time="0.068" tests="2" errors="0" skipped="0" failures="0">
  <properties>
[...]
</properties>
  <testcase name="Convert - Listener within range" classname="Convert" time="0.035">
    <system-out><![CDATA[
Scenario: Listener within range            &amp#27;[90m# io/cucumber/converty/hear_shout.feature:3&amp#27;[0m
  &amp#27;[32mGiven &amp#27;[0m&amp#27;[32mLucy is &amp#27;[0m&amp#27;[32m&amp#27;[1m15&amp#27;[0m&amp#27;[32m metres from Sean&amp#27;[0m        &amp#27;[90m# io.cucumber.converty.StepDefinitions.lucy_is_metres_from_sean(java.lang.Integer)&amp#27;[0m
  &amp#27;[32mWhen &amp#27;[0m&amp#27;[32mSean shouts &amp#27;[0m&amp#27;[32m&amp#27;[1m"free bagels at Sean's"&amp#27;[0m &amp#27;[90m# io.cucumber.converty.StepDefinitions.sean_shouts(java.lang.String)&amp#27;[0m
  &amp#27;[32mThen &amp#27;[0m&amp#27;[32mLucy hears Sean's message&amp#27;[0m           &amp#27;[90m# io.cucumber.converty.StepDefinitions.lucy_hears_sean_s_message()&amp#27;[0m
]]></system-out>
  </testcase>
  <testcase name="Convert - Listener hears a different message" classname="Convert" time="0.001">
    <system-out><![CDATA[
Scenario: Listener hears a different message &amp#27;[90m# io/cucumber/converty/hear_shout.feature:8&amp#27;[0m
  &amp#27;[32mGiven &amp#27;[0m&amp#27;[32mLucy is &amp#27;[0m&amp#27;[32m&amp#27;[1m15&amp#27;[0m&amp#27;[32m metres from Sean&amp#27;[0m          &amp#27;[90m# io.cucumber.converty.StepDefinitions.lucy_is_metres_from_sean(java.lang.Integer)&amp#27;[0m
  &amp#27;[32mWhen &amp#27;[0m&amp#27;[32mSean shouts &amp#27;[0m&amp#27;[32m&amp#27;[1m"Free coffee!"&amp#27;[0m            &amp#27;[90m# io.cucumber.converty.StepDefinitions.sean_shouts(java.lang.String)&amp#27;[0m
  &amp#27;[32mThen &amp#27;[0m&amp#27;[32mLucy should hear Sean's message&amp#27;[0m       &amp#27;[90m# io.cucumber.converty.StepDefinitions.lucy_should_hear_sean_s_message()&amp#27;[0m
]]></system-out>
  </testcase>
</testsuite>